  [1m[36m (2.1ms)[0m  [1mCREATE TABLE "schema_migrations" ("version" varchar NOT NULL) [0m
  [1m[35m (0.1ms)[0m  select sqlite_version(*)
  [1m[36m (1.5ms)[0m  [1mCREATE UNIQUE INDEX "unique_schema_migrations" ON "schema_migrations" ("version")[0m
  [1m[35mActiveRecord::SchemaMigration Load (0.1ms)[0m  SELECT "schema_migrations".* FROM "schema_migrations"
Migrating to CreateNotes (20160713232008)
  [1m[36m (0.1ms)[0m  [1mbegin transaction[0m
  [1m[35m (0.3ms)[0m  CREATE TABLE "notes" ("id" INTEGER PRIMARY KEY AUTOINCREMENT NOT NULL, "title" varchar, "content" text, "created_at" datetime NOT NULL, "updated_at" datetime NOT NULL) 
  [1m[36mSQL (0.2ms)[0m  [1mINSERT INTO "schema_migrations" ("version") VALUES (?)[0m  [["version", "20160713232008"]]
  [1m[35m (1.8ms)[0m  commit transaction
Migrating to CreateUsers (20160713232009)
  [1m[36m (0.1ms)[0m  [1mbegin transaction[0m
  [1m[35m (0.5ms)[0m  CREATE TABLE "users" ("id" INTEGER PRIMARY KEY AUTOINCREMENT NOT NULL, "name" varchar, "email" varchar, "created_at" datetime NOT NULL, "updated_at" datetime NOT NULL) 
  [1m[36mSQL (0.4ms)[0m  [1mINSERT INTO "schema_migrations" ("version") VALUES (?)[0m  [["version", "20160713232009"]]
  [1m[35m (1.5ms)[0m  commit transaction
Migrating to AddUserIdToNotes (20160713232010)
  [1m[36m (0.1ms)[0m  [1mbegin transaction[0m
  [1m[35m (0.7ms)[0m  ALTER TABLE "notes" ADD "user_id" integer
  [1m[36mSQL (0.2ms)[0m  [1mINSERT INTO "schema_migrations" ("version") VALUES (?)[0m  [["version", "20160713232010"]]
  [1m[35m (1.6ms)[0m  commit transaction
Migrating to AddImageToUsers (20160713232011)
  [1m[36m (0.1ms)[0m  [1mbegin transaction[0m
  [1m[35m (0.4ms)[0m  ALTER TABLE "users" ADD "image" varchar
  [1m[36mSQL (0.1ms)[0m  [1mINSERT INTO "schema_migrations" ("version") VALUES (?)[0m  [["version", "20160713232011"]]
  [1m[35m (1.3ms)[0m  commit transaction
  [1m[36mActiveRecord::SchemaMigration Load (0.1ms)[0m  [1mSELECT "schema_migrations".* FROM "schema_migrations"[0m
  [1m[36m (0.1ms)[0m  [1mSELECT "schema_migrations"."version" FROM "schema_migrations"[0m


Started GET "/" for ::1 at 2016-07-15 12:03:25 +0900
  [1m[36mActiveRecord::SchemaMigration Load (0.1ms)[0m  [1mSELECT "schema_migrations".* FROM "schema_migrations"[0m
Processing by HomeController#top as HTML
  Rendered home/top.html.erb within layouts/application (0.9ms)
Completed 200 OK in 1217ms (Views: 1210.1ms | ActiveRecord: 0.0ms)


Started GET "/assets/users.self-85fad801f466d30e4cdd35dd7d90014594adaba9a8b4ac891719f3de7d64bf9d.css?body=1" for ::1 at 2016-07-15 12:03:26 +0900


Started GET "/assets/notes.self-fb2744c4f8b1abab660684fbc643609ffbd09bc5e80fab9b20017e88b4267d7a.css?body=1" for ::1 at 2016-07-15 12:03:26 +0900


Started GET "/assets/common.self-143a7e880e627f915d1ba0ac6314d72e0c12c3d46c9a97fe65ea4cf0f2294207.css?body=1" for ::1 at 2016-07-15 12:03:26 +0900


Started GET "/users?instanceId=59b24cc411" for ::1 at 2016-07-15 12:03:36 +0900
Processing by UsersController#index as HTML
  Parameters: {"instanceId"=>"59b24cc411"}
  [1m[35mUser Load (0.3ms)[0m  SELECT "users".* FROM "users"
  Rendered users/index.html.erb within layouts/application (2.8ms)
Completed 200 OK in 44ms (Views: 36.4ms | ActiveRecord: 0.4ms)


Started GET "/users/new?instanceId=59b24cc411" for ::1 at 2016-07-15 12:03:37 +0900
Processing by UsersController#new as HTML
  Parameters: {"instanceId"=>"59b24cc411"}
  Rendered users/_form.html.erb (12.9ms)
  Rendered users/new.html.erb within layouts/application (16.8ms)
Completed 200 OK in 39ms (Views: 34.4ms | ActiveRecord: 0.2ms)


Started POST "/users?instanceId=59b24cc411" for ::1 at 2016-07-15 12:03:49 +0900
Processing by UsersController#create as HTML
  Parameters: {"utf8"=>"âœ“", "authenticity_token"=>"Nko8ObZIf1NWEo3DoY8rkknPm2yvJMyA64YMPF18Ie5LTmICKMQ/8Ve921OzsgwDhw88Z7m8JveaCTXi0G+oWQ==", "user"=>{"name"=>"dfd", "email"=>"showta.job@gmail.com", "image"=>#<ActionDispatch::Http::UploadedFile:0x007fbdec37f440 @tempfile=#<Tempfile:/var/folders/m0/x_rhnhpn5qqbdck4g3ptc8280000gn/T/RackMultipart20160715-1807-1cpabws.jpg>, @original_filename="12003250_949227091811358_2821045816218638775_n.jpg", @content_type="image/jpeg", @headers="Content-Disposition: form-data; name=\"user[image]\"; filename=\"12003250_949227091811358_2821045816218638775_n.jpg\"\r\nContent-Type: image/jpeg\r\n">}, "commit"=>"ä¿å­˜", "instanceId"=>"59b24cc411"}
Unpermitted parameter: image
Completed 500 Internal Server Error in 1ms (ActiveRecord: 0.0ms)

Errno::ENOENT (No such file or directory @ rb_sysopen - public/user_images/12003250_949227091811358_2821045816218638775_n.jpg):
  app/models/user.rb:10:in `initialize'
  app/models/user.rb:10:in `open'
  app/models/user.rb:10:in `set_image'
  app/controllers/users_controller.rb:22:in `create'


  Rendered /Users/apple/.rbenv/versions/2.3.1/lib/ruby/gems/2.3.0/gems/actionpack-4.2.1/lib/action_dispatch/middleware/templates/rescues/_source.erb (3.4ms)
  Rendered /Users/apple/.rbenv/versions/2.3.1/lib/ruby/gems/2.3.0/gems/actionpack-4.2.1/lib/action_dispatch/middleware/templates/rescues/_trace.html.erb (2.1ms)
  Rendered /Users/apple/.rbenv/versions/2.3.1/lib/ruby/gems/2.3.0/gems/actionpack-4.2.1/lib/action_dispatch/middleware/templates/rescues/_request_and_response.html.erb (1.0ms)
  Rendered /Users/apple/.rbenv/versions/2.3.1/lib/ruby/gems/2.3.0/gems/actionpack-4.2.1/lib/action_dispatch/middleware/templates/rescues/diagnostics.html.erb within rescues/layout (50.7ms)


Started GET "/" for ::1 at 2016-07-15 12:20:14 +0900
  [1m[36mActiveRecord::SchemaMigration Load (0.1ms)[0m  [1mSELECT "schema_migrations".* FROM "schema_migrations"[0m
Processing by HomeController#top as HTML
  Rendered home/top.html.erb within layouts/application (0.9ms)
Completed 200 OK in 435ms (Views: 427.6ms | ActiveRecord: 0.0ms)


Started GET "/assets/common.self-ce87f6b7356cf49c14777cb1b18603e4d63b044dfa197ac76cd8a336d91cd197.css?body=1" for ::1 at 2016-07-15 12:20:15 +0900


Started GET "/assets/notes.self-0577b3dce800f44e18acbb9751e4983b51cf776e69a64e81177face0fc4ce684.css?body=1" for ::1 at 2016-07-15 12:20:15 +0900


Started GET "/assets/users.self-5ce530aad7c46fa9c42705296db5db5db5f5d8569c9f8c5b16a81dc4a06f0672.css?body=1" for ::1 at 2016-07-15 12:20:15 +0900


Started GET "/users/sign_up?instanceId=569ac16dbb" for ::1 at 2016-07-15 12:20:16 +0900
Processing by UsersController#show as HTML
  Parameters: {"instanceId"=>"569ac16dbb", "id"=>"sign_up"}
  [1m[35mUser Load (0.2ms)[0m  SELECT  "users".* FROM "users" WHERE "users"."id" = ? LIMIT 1  [["id", 0]]
Completed 404 Not Found in 23ms (ActiveRecord: 0.9ms)

ActiveRecord::RecordNotFound (Couldn't find User with 'id'=sign_up):
  app/controllers/users_controller.rb:50:in `set_user'


  Rendered /Users/apple/.rbenv/versions/2.3.1/lib/ruby/gems/2.3.0/gems/actionpack-4.2.1/lib/action_dispatch/middleware/templates/rescues/_source.erb (3.1ms)
  Rendered /Users/apple/.rbenv/versions/2.3.1/lib/ruby/gems/2.3.0/gems/actionpack-4.2.1/lib/action_dispatch/middleware/templates/rescues/_trace.html.erb (1.6ms)
  Rendered /Users/apple/.rbenv/versions/2.3.1/lib/ruby/gems/2.3.0/gems/actionpack-4.2.1/lib/action_dispatch/middleware/templates/rescues/_request_and_response.html.erb (1.0ms)
  Rendered /Users/apple/.rbenv/versions/2.3.1/lib/ruby/gems/2.3.0/gems/actionpack-4.2.1/lib/action_dispatch/middleware/templates/rescues/diagnostics.html.erb within rescues/layout (45.8ms)


Started GET "/" for ::1 at 2016-07-15 12:20:28 +0900
Processing by HomeController#top as HTML
  Rendered home/top.html.erb within layouts/application (0.0ms)
Completed 200 OK in 14ms (Views: 13.2ms | ActiveRecord: 0.0ms)


Started GET "/notes?instanceId=59b24cc411" for ::1 at 2016-07-15 12:20:36 +0900
Processing by NotesController#index as HTML
  Parameters: {"instanceId"=>"59b24cc411"}
  [1m[36mNote Load (0.2ms)[0m  [1mSELECT "notes".* FROM "notes"[0m
  Rendered collection (0.0ms)
  Rendered notes/index.html.erb within layouts/application (3.3ms)
Completed 200 OK in 24ms (Views: 19.8ms | ActiveRecord: 0.3ms)


Started GET "/users?instanceId=59b24cc411" for ::1 at 2016-07-15 12:20:37 +0900
Processing by UsersController#index as HTML
  Parameters: {"instanceId"=>"59b24cc411"}
  [1m[35mUser Load (0.1ms)[0m  SELECT "users".* FROM "users"
  Rendered users/index.html.erb within layouts/application (1.1ms)
Completed 200 OK in 17ms (Views: 16.9ms | ActiveRecord: 0.1ms)


Started GET "/users/new?instanceId=59b24cc411" for ::1 at 2016-07-15 12:20:38 +0900
Processing by UsersController#new as HTML
  Parameters: {"instanceId"=>"59b24cc411"}
  Rendered users/_form.html.erb (7.0ms)
  Rendered users/new.html.erb within layouts/application (8.9ms)
Completed 200 OK in 28ms (Views: 24.4ms | ActiveRecord: 0.0ms)


Started POST "/users?instanceId=59b24cc411" for ::1 at 2016-07-15 12:20:44 +0900
Processing by UsersController#create as HTML
  Parameters: {"utf8"=>"âœ“", "authenticity_token"=>"PBdGm7TUjnujxyzbKwGWpfWYDb+32I0t9WCMo5lyYewlPMAvnO3I5XRxvz4xsDtziOwAqpFMI/ETLb0vTbqP3w==", "user"=>{"name"=>"sad", "email"=>"dsfdf"}, "commit"=>"ä¿å­˜", "instanceId"=>"59b24cc411"}
  [1m[36m (0.1ms)[0m  [1mbegin transaction[0m
  [1m[35mUser Exists (0.1ms)[0m  SELECT  1 AS one FROM "users" WHERE "users"."email" = 'dsfdf' LIMIT 1
  [1m[36mSQL (0.3ms)[0m  [1mINSERT INTO "users" ("name", "email", "created_at", "updated_at") VALUES (?, ?, ?, ?)[0m  [["name", "sad"], ["email", "dsfdf"], ["created_at", "2016-07-15 03:20:44.300653"], ["updated_at", "2016-07-15 03:20:44.300653"]]
  [1m[35m (1.4ms)[0m  commit transaction
Redirected to http://localhost:3000/users/1?instanceId=59b24cc411
Completed 302 Found in 12ms (ActiveRecord: 1.8ms)


Started GET "/users/1?instanceId=59b24cc411" for ::1 at 2016-07-15 12:20:44 +0900
Processing by UsersController#show as HTML
  Parameters: {"instanceId"=>"59b24cc411", "id"=>"1"}
  [1m[36mUser Load (0.1ms)[0m  [1mSELECT  "users".* FROM "users" WHERE "users"."id" = ? LIMIT 1[0m  [["id", 1]]
  [1m[35mNote Load (0.3ms)[0m  SELECT "notes".* FROM "notes" WHERE "notes"."user_id" = ?  [["user_id", 1]]
  Rendered collection (0.0ms)
  Rendered users/show.html.erb within layouts/application (4.5ms)
Completed 200 OK in 47ms (Views: 28.4ms | ActiveRecord: 0.4ms)


Started GET "/images/wanko.png" for ::1 at 2016-07-15 12:20:44 +0900

ActionController::RoutingError (No route matches [GET] "/images/wanko.png"):
  actionpack (4.2.1) lib/action_dispatch/middleware/debug_exceptions.rb:21:in `call'
  actionpack (4.2.1) lib/action_dispatch/middleware/show_exceptions.rb:30:in `call'
  railties (4.2.1) lib/rails/rack/logger.rb:38:in `call_app'
  railties (4.2.1) lib/rails/rack/logger.rb:20:in `block in call'
  activesupport (4.2.1) lib/active_support/tagged_logging.rb:68:in `block in tagged'
  activesupport (4.2.1) lib/active_support/tagged_logging.rb:26:in `tagged'
  activesupport (4.2.1) lib/active_support/tagged_logging.rb:68:in `tagged'
  railties (4.2.1) lib/rails/rack/logger.rb:20:in `call'
  actionpack (4.2.1) lib/action_dispatch/middleware/request_id.rb:21:in `call'
  rack (1.6.4) lib/rack/methodoverride.rb:22:in `call'
  rack (1.6.4) lib/rack/runtime.rb:18:in `call'
  activesupport (4.2.1) lib/active_support/cache/strategy/local_cache_middleware.rb:28:in `call'
  rack (1.6.4) lib/rack/lock.rb:17:in `call'
  actionpack (4.2.1) lib/action_dispatch/middleware/static.rb:113:in `call'
  rack (1.6.4) lib/rack/sendfile.rb:113:in `call'
  railties (4.2.1) lib/rails/engine.rb:518:in `call'
  railties (4.2.1) lib/rails/application.rb:164:in `call'
  rack (1.6.4) lib/rack/lock.rb:17:in `call'
  rack (1.6.4) lib/rack/content_length.rb:15:in `call'
  rack (1.6.4) lib/rack/handler/webrick.rb:88:in `service'
  /Users/apple/.rbenv/versions/2.3.1/lib/ruby/2.3.0/webrick/httpserver.rb:140:in `service'
  /Users/apple/.rbenv/versions/2.3.1/lib/ruby/2.3.0/webrick/httpserver.rb:96:in `run'
  /Users/apple/.rbenv/versions/2.3.1/lib/ruby/2.3.0/webrick/server.rb:296:in `block in start_thread'


  Rendered /Users/apple/.rbenv/versions/2.3.1/lib/ruby/gems/2.3.0/gems/actionpack-4.2.1/lib/action_dispatch/middleware/templates/rescues/_trace.html.erb (1.3ms)
  Rendered /Users/apple/.rbenv/versions/2.3.1/lib/ruby/gems/2.3.0/gems/actionpack-4.2.1/lib/action_dispatch/middleware/templates/routes/_route.html.erb (1.5ms)
  Rendered /Users/apple/.rbenv/versions/2.3.1/lib/ruby/gems/2.3.0/gems/actionpack-4.2.1/lib/action_dispatch/middleware/templates/routes/_table.html.erb (2.2ms)
  Rendered /Users/apple/.rbenv/versions/2.3.1/lib/ruby/gems/2.3.0/gems/actionpack-4.2.1/lib/action_dispatch/middleware/templates/rescues/_request_and_response.html.erb (1.9ms)
  Rendered /Users/apple/.rbenv/versions/2.3.1/lib/ruby/gems/2.3.0/gems/actionpack-4.2.1/lib/action_dispatch/middleware/templates/rescues/routing_error.html.erb within rescues/layout (73.0ms)


Started GET "/notes/new?instanceId=59b24cc411" for ::1 at 2016-07-15 12:20:54 +0900
Processing by NotesController#new as HTML
  Parameters: {"instanceId"=>"59b24cc411"}
  [1m[36mUser Load (0.1ms)[0m  [1mSELECT "users".* FROM "users"[0m
  Rendered notes/_form.html.erb (10.5ms)
  Rendered notes/new.html.erb within layouts/application (12.2ms)
Completed 200 OK in 33ms (Views: 28.5ms | ActiveRecord: 0.3ms)


Started POST "/notes?instanceId=59b24cc411" for ::1 at 2016-07-15 12:21:02 +0900
Processing by NotesController#create as HTML
  Parameters: {"utf8"=>"âœ“", "authenticity_token"=>"8MDQja4p1KTS06DYOeR2HNSm2NxKHqDRF0Xk9hdCA0E/Asuv1xcVcCf5oT+JubvXXXdSCwDdNazeRB17w6/4ng==", "note"=>{"user_id"=>"1", "title"=>"dad", "content"=>"dgdhgd"}, "commit"=>"ä¿å­˜", "instanceId"=>"59b24cc411"}
  [1m[35m (0.1ms)[0m  begin transaction
  [1m[36mSQL (0.2ms)[0m  [1mINSERT INTO "notes" ("title", "content", "user_id", "created_at", "updated_at") VALUES (?, ?, ?, ?, ?)[0m  [["title", "dad"], ["content", "dgdhgd"], ["user_id", 1], ["created_at", "2016-07-15 03:21:02.045887"], ["updated_at", "2016-07-15 03:21:02.045887"]]
  [1m[35m (1.3ms)[0m  commit transaction
Redirected to http://localhost:3000/notes/1?instanceId=59b24cc411
Completed 302 Found in 4ms (ActiveRecord: 1.6ms)


Started GET "/notes/1?instanceId=59b24cc411" for ::1 at 2016-07-15 12:21:02 +0900
Processing by NotesController#show as HTML
  Parameters: {"instanceId"=>"59b24cc411", "id"=>"1"}
  [1m[36mNote Load (0.2ms)[0m  [1mSELECT  "notes".* FROM "notes" WHERE "notes"."id" = ? LIMIT 1[0m  [["id", 1]]
  Rendered notes/show.html.erb within layouts/application (1.0ms)
Completed 200 OK in 32ms (Views: 30.5ms | ActiveRecord: 0.2ms)


Started GET "/notes?instanceId=59b24cc411" for ::1 at 2016-07-15 12:21:07 +0900
Processing by NotesController#index as HTML
  Parameters: {"instanceId"=>"59b24cc411"}
  [1m[35mNote Load (0.1ms)[0m  SELECT "notes".* FROM "notes"
  [1m[36mUser Load (0.1ms)[0m  [1mSELECT  "users".* FROM "users" WHERE "users"."id" = ? LIMIT 1[0m  [["id", 1]]
  Rendered notes/_note.html.erb (4.8ms)
  Rendered notes/index.html.erb within layouts/application (6.8ms)
Completed 200 OK in 23ms (Views: 22.3ms | ActiveRecord: 0.2ms)


Started GET "/images/wanko.png" for ::1 at 2016-07-15 12:21:08 +0900

ActionController::RoutingError (No route matches [GET] "/images/wanko.png"):
  actionpack (4.2.1) lib/action_dispatch/middleware/debug_exceptions.rb:21:in `call'
  actionpack (4.2.1) lib/action_dispatch/middleware/show_exceptions.rb:30:in `call'
  railties (4.2.1) lib/rails/rack/logger.rb:38:in `call_app'
  railties (4.2.1) lib/rails/rack/logger.rb:20:in `block in call'
  activesupport (4.2.1) lib/active_support/tagged_logging.rb:68:in `block in tagged'
  activesupport (4.2.1) lib/active_support/tagged_logging.rb:26:in `tagged'
  activesupport (4.2.1) lib/active_support/tagged_logging.rb:68:in `tagged'
  railties (4.2.1) lib/rails/rack/logger.rb:20:in `call'
  actionpack (4.2.1) lib/action_dispatch/middleware/request_id.rb:21:in `call'
  rack (1.6.4) lib/rack/methodoverride.rb:22:in `call'
  rack (1.6.4) lib/rack/runtime.rb:18:in `call'
  activesupport (4.2.1) lib/active_support/cache/strategy/local_cache_middleware.rb:28:in `call'
  rack (1.6.4) lib/rack/lock.rb:17:in `call'
  actionpack (4.2.1) lib/action_dispatch/middleware/static.rb:113:in `call'
  rack (1.6.4) lib/rack/sendfile.rb:113:in `call'
  railties (4.2.1) lib/rails/engine.rb:518:in `call'
  railties (4.2.1) lib/rails/application.rb:164:in `call'
  rack (1.6.4) lib/rack/lock.rb:17:in `call'
  rack (1.6.4) lib/rack/content_length.rb:15:in `call'
  rack (1.6.4) lib/rack/handler/webrick.rb:88:in `service'
  /Users/apple/.rbenv/versions/2.3.1/lib/ruby/2.3.0/webrick/httpserver.rb:140:in `service'
  /Users/apple/.rbenv/versions/2.3.1/lib/ruby/2.3.0/webrick/httpserver.rb:96:in `run'
  /Users/apple/.rbenv/versions/2.3.1/lib/ruby/2.3.0/webrick/server.rb:296:in `block in start_thread'


  Rendered /Users/apple/.rbenv/versions/2.3.1/lib/ruby/gems/2.3.0/gems/actionpack-4.2.1/lib/action_dispatch/middleware/templates/rescues/_trace.html.erb (1.7ms)
  Rendered /Users/apple/.rbenv/versions/2.3.1/lib/ruby/gems/2.3.0/gems/actionpack-4.2.1/lib/action_dispatch/middleware/templates/routes/_route.html.erb (1.4ms)
  Rendered /Users/apple/.rbenv/versions/2.3.1/lib/ruby/gems/2.3.0/gems/actionpack-4.2.1/lib/action_dispatch/middleware/templates/routes/_table.html.erb (1.1ms)
  Rendered /Users/apple/.rbenv/versions/2.3.1/lib/ruby/gems/2.3.0/gems/actionpack-4.2.1/lib/action_dispatch/middleware/templates/rescues/_request_and_response.html.erb (1.0ms)
  Rendered /Users/apple/.rbenv/versions/2.3.1/lib/ruby/gems/2.3.0/gems/actionpack-4.2.1/lib/action_dispatch/middleware/templates/rescues/routing_error.html.erb within rescues/layout (72.2ms)
  [1m[36mActiveRecord::SchemaMigration Load (0.1ms)[0m  [1mSELECT "schema_migrations".* FROM "schema_migrations"[0m
  [1m[35mActiveRecord::SchemaMigration Load (0.1ms)[0m  SELECT "schema_migrations".* FROM "schema_migrations"


Started GET "/" for ::1 at 2016-07-15 14:39:30 +0900
  [1m[36mActiveRecord::SchemaMigration Load (1.2ms)[0m  [1mSELECT "schema_migrations".* FROM "schema_migrations"[0m
Processing by HomeController#top as HTML
  Rendered home/top.html.erb within layouts/application (2.3ms)
Completed 200 OK in 489ms (Views: 480.0ms | ActiveRecord: 0.0ms)


Started GET "/users?instanceId=59b24cc411" for ::1 at 2016-07-15 14:39:38 +0900
Processing by UsersController#index as HTML
  Parameters: {"instanceId"=>"59b24cc411"}
  [1m[35mUser Load (1.7ms)[0m  SELECT "users".* FROM "users"
  Rendered users/index.html.erb within layouts/application (10.4ms)
Completed 200 OK in 64ms (Views: 50.2ms | ActiveRecord: 2.2ms)


Started GET "/assets/wanko-06fdfba229934ae0fe5b390311a82376c73c9b078fa3b41f977110127bd31e64.png" for ::1 at 2016-07-15 14:39:38 +0900


Started GET "/users/new?instanceId=59b24cc411" for ::1 at 2016-07-15 14:39:41 +0900
Processing by UsersController#new as HTML
  Parameters: {"instanceId"=>"59b24cc411"}
  Rendered users/_form.html.erb (21.7ms)
  Rendered users/new.html.erb within layouts/application (31.2ms)
Completed 200 OK in 57ms (Views: 56.6ms | ActiveRecord: 0.0ms)


Started POST "/users?instanceId=59b24cc411" for ::1 at 2016-07-15 14:40:04 +0900
Processing by UsersController#create as HTML
  Parameters: {"utf8"=>"âœ“", "authenticity_token"=>"t3EWG5GdriKT19ZsPYmxjosMP4iz+Nxay3GG65UM84NCHEW/xot06g4p0xwcHI59UXHmK2jrgOrjeEKX8jRE3w==", "user"=>{"name"=>"ohni", "email"=>"s@gmail.com", "image"=>#<ActionDispatch::Http::UploadedFile:0x007fd6a491fac8 @tempfile=#<Tempfile:/var/folders/m0/x_rhnhpn5qqbdck4g3ptc8280000gn/T/RackMultipart20160715-731-1tsbkaq.jpg>, @original_filename="12003250_949227091811358_2821045816218638775_n.jpg", @content_type="image/jpeg", @headers="Content-Disposition: form-data; name=\"user[image]\"; filename=\"12003250_949227091811358_2821045816218638775_n.jpg\"\r\nContent-Type: image/jpeg\r\n">}, "commit"=>"ä¿å­˜", "instanceId"=>"59b24cc411"}
Unpermitted parameter: image
  [1m[36m (0.2ms)[0m  [1mbegin transaction[0m
  [1m[35mUser Exists (0.2ms)[0m  SELECT  1 AS one FROM "users" WHERE "users"."email" = 's@gmail.com' LIMIT 1
  [1m[36mSQL (1.0ms)[0m  [1mINSERT INTO "users" ("name", "email", "image", "created_at", "updated_at") VALUES (?, ?, ?, ?, ?)[0m  [["name", "ohni"], ["email", "s@gmail.com"], ["image", "12003250_949227091811358_2821045816218638775_n.jpg"], ["created_at", "2016-07-15 05:40:05.019705"], ["updated_at", "2016-07-15 05:40:05.019705"]]
  [1m[35m (1.4ms)[0m  commit transaction
Redirected to http://localhost:3000/users/2?instanceId=59b24cc411
Completed 302 Found in 44ms (ActiveRecord: 2.8ms)


Started GET "/users/2?instanceId=59b24cc411" for ::1 at 2016-07-15 14:40:05 +0900
Processing by UsersController#show as HTML
  Parameters: {"instanceId"=>"59b24cc411", "id"=>"2"}
  [1m[36mUser Load (0.2ms)[0m  [1mSELECT  "users".* FROM "users" WHERE "users"."id" = ? LIMIT 1[0m  [["id", 2]]
  [1m[35mNote Load (1.3ms)[0m  SELECT "notes".* FROM "notes" WHERE "notes"."user_id" = ?  [["user_id", 2]]
  Rendered collection (0.0ms)
  Rendered users/show.html.erb within layouts/application (4.9ms)
Completed 200 OK in 69ms (Views: 29.2ms | ActiveRecord: 1.6ms)


Started GET "/users?instanceId=59b24cc411" for ::1 at 2016-07-15 14:40:12 +0900
Processing by UsersController#index as HTML
  Parameters: {"instanceId"=>"59b24cc411"}
  [1m[36mUser Load (0.1ms)[0m  [1mSELECT "users".* FROM "users"[0m
  Rendered users/index.html.erb within layouts/application (2.2ms)
Completed 200 OK in 24ms (Views: 23.7ms | ActiveRecord: 0.1ms)


Started GET "/users/1?instanceId=59b24cc411" for ::1 at 2016-07-15 14:40:16 +0900
Processing by UsersController#show as HTML
  Parameters: {"instanceId"=>"59b24cc411", "id"=>"1"}
  [1m[35mUser Load (0.1ms)[0m  SELECT  "users".* FROM "users" WHERE "users"."id" = ? LIMIT 1  [["id", 1]]
  [1m[36mNote Load (0.1ms)[0m  [1mSELECT "notes".* FROM "notes" WHERE "notes"."user_id" = ?[0m  [["user_id", 1]]
  Rendered notes/_note.html.erb (1.5ms)
  Rendered users/show.html.erb within layouts/application (24.8ms)
Completed 200 OK in 68ms (Views: 66.5ms | ActiveRecord: 0.3ms)


Started GET "/users/1/edit?instanceId=59b24cc411" for ::1 at 2016-07-15 14:40:19 +0900
Processing by UsersController#edit as HTML
  Parameters: {"instanceId"=>"59b24cc411", "id"=>"1"}
  [1m[35mUser Load (0.1ms)[0m  SELECT  "users".* FROM "users" WHERE "users"."id" = ? LIMIT 1  [["id", 1]]
  Rendered users/_form.html.erb (1.3ms)
  Rendered users/edit.html.erb within layouts/application (3.4ms)
Completed 200 OK in 37ms (Views: 36.0ms | ActiveRecord: 0.1ms)


Started GET "/notes?instanceId=59b24cc411" for ::1 at 2016-07-15 14:40:23 +0900
Processing by NotesController#index as HTML
  Parameters: {"instanceId"=>"59b24cc411"}
  [1m[36mNote Load (0.1ms)[0m  [1mSELECT "notes".* FROM "notes"[0m
  [1m[35mUser Load (0.1ms)[0m  SELECT  "users".* FROM "users" WHERE "users"."id" = ? LIMIT 1  [["id", 1]]
  Rendered notes/_note.html.erb (3.0ms)
  Rendered notes/index.html.erb within layouts/application (5.7ms)
Completed 200 OK in 36ms (Views: 34.5ms | ActiveRecord: 0.2ms)


Started GET "/notes/1?instanceId=59b24cc411" for ::1 at 2016-07-15 14:40:24 +0900
Processing by NotesController#show as HTML
  Parameters: {"instanceId"=>"59b24cc411", "id"=>"1"}
  [1m[36mNote Load (0.1ms)[0m  [1mSELECT  "notes".* FROM "notes" WHERE "notes"."id" = ? LIMIT 1[0m  [["id", 1]]
  Rendered notes/show.html.erb within layouts/application (1.1ms)
Completed 200 OK in 21ms (Views: 20.2ms | ActiveRecord: 0.1ms)


Started DELETE "/notes/1?instanceId=59b24cc411" for ::1 at 2016-07-15 14:40:27 +0900
Processing by NotesController#destroy as HTML
  Parameters: {"authenticity_token"=>"rNq6JFhaDKBtxh1c1hafoG4qZevgs0zmNi2yllvznEsa0wpLFoRvNR0g25T34EHan8VwC+sK3OllV3JUBQDBxA==", "instanceId"=>"59b24cc411", "id"=>"1"}
  [1m[35mNote Load (0.2ms)[0m  SELECT  "notes".* FROM "notes" WHERE "notes"."id" = ? LIMIT 1  [["id", 1]]
  [1m[36m (0.2ms)[0m  [1mbegin transaction[0m
  [1m[35mSQL (0.3ms)[0m  DELETE FROM "notes" WHERE "notes"."id" = ?  [["id", 1]]
  [1m[36m (1.9ms)[0m  [1mcommit transaction[0m
Redirected to http://localhost:3000/notes?instanceId=59b24cc411
Completed 302 Found in 7ms (ActiveRecord: 2.5ms)


Started GET "/notes?instanceId=59b24cc411" for ::1 at 2016-07-15 14:40:27 +0900
Processing by NotesController#index as HTML
  Parameters: {"instanceId"=>"59b24cc411"}
  [1m[35mNote Load (0.3ms)[0m  SELECT "notes".* FROM "notes"
  Rendered collection (0.0ms)
  Rendered notes/index.html.erb within layouts/application (2.4ms)
Completed 200 OK in 31ms (Views: 30.0ms | ActiveRecord: 0.3ms)


Started GET "/notes?instanceId=59b24cc411" for ::1 at 2016-07-15 14:40:29 +0900
Processing by NotesController#index as HTML
  Parameters: {"instanceId"=>"59b24cc411"}
  [1m[36mNote Load (0.1ms)[0m  [1mSELECT "notes".* FROM "notes"[0m
  Rendered collection (0.0ms)
  Rendered notes/index.html.erb within layouts/application (0.6ms)
Completed 200 OK in 18ms (Views: 17.5ms | ActiveRecord: 0.1ms)


Started GET "/notes/new?instanceId=59b24cc411" for ::1 at 2016-07-15 14:40:30 +0900
Processing by NotesController#new as HTML
  Parameters: {"instanceId"=>"59b24cc411"}
  [1m[35mUser Load (0.2ms)[0m  SELECT "users".* FROM "users"
  Rendered notes/_form.html.erb (17.5ms)
  Rendered notes/new.html.erb within layouts/application (20.4ms)
Completed 200 OK in 41ms (Views: 40.5ms | ActiveRecord: 0.1ms)


Started GET "/users?instanceId=59b24cc411" for ::1 at 2016-07-15 14:40:32 +0900
Processing by UsersController#index as HTML
  Parameters: {"instanceId"=>"59b24cc411"}
  [1m[36mUser Load (0.1ms)[0m  [1mSELECT "users".* FROM "users"[0m
  Rendered users/index.html.erb within layouts/application (1.9ms)
Completed 200 OK in 20ms (Views: 19.2ms | ActiveRecord: 0.1ms)


Started GET "/notes?instanceId=59b24cc411" for ::1 at 2016-07-15 14:40:36 +0900
Processing by NotesController#index as HTML
  Parameters: {"instanceId"=>"59b24cc411"}
  [1m[35mNote Load (0.1ms)[0m  SELECT "notes".* FROM "notes"
  Rendered collection (0.0ms)
  Rendered notes/index.html.erb within layouts/application (0.5ms)
Completed 200 OK in 19ms (Views: 18.9ms | ActiveRecord: 0.1ms)


Started GET "/notes/new?instanceId=59b24cc411" for ::1 at 2016-07-15 14:40:39 +0900
Processing by NotesController#new as HTML
  Parameters: {"instanceId"=>"59b24cc411"}
  [1m[36mUser Load (0.1ms)[0m  [1mSELECT "users".* FROM "users"[0m
  Rendered notes/_form.html.erb (1.5ms)
  Rendered notes/new.html.erb within layouts/application (2.8ms)
Completed 200 OK in 20ms (Views: 19.4ms | ActiveRecord: 0.1ms)


Started POST "/notes?instanceId=59b24cc411" for ::1 at 2016-07-15 14:40:46 +0900
Processing by NotesController#create as HTML
  Parameters: {"utf8"=>"âœ“", "authenticity_token"=>"GCG3wJ+nnZSG66veILKO7sV8M477Pgz6N9HiQvtP2OuF/R++r16jFiHS1rfvc18dUL/mKFmuOTigEs8Io1uRFQ==", "note"=>{"user_id"=>"2", "title"=>"jdakhsfkd", "content"=>"sdnajskdnkfd"}, "commit"=>"ä¿å­˜", "instanceId"=>"59b24cc411"}
  [1m[35m (0.1ms)[0m  begin transaction
  [1m[36mSQL (0.3ms)[0m  [1mINSERT INTO "notes" ("title", "content", "user_id", "created_at", "updated_at") VALUES (?, ?, ?, ?, ?)[0m  [["title", "jdakhsfkd"], ["content", "sdnajskdnkfd"], ["user_id", 2], ["created_at", "2016-07-15 05:40:46.374248"], ["updated_at", "2016-07-15 05:40:46.374248"]]
  [1m[35m (1.4ms)[0m  commit transaction
Redirected to http://localhost:3000/notes/2?instanceId=59b24cc411
Completed 302 Found in 5ms (ActiveRecord: 1.7ms)


Started GET "/notes/2?instanceId=59b24cc411" for ::1 at 2016-07-15 14:40:46 +0900
Processing by NotesController#show as HTML
  Parameters: {"instanceId"=>"59b24cc411", "id"=>"2"}
  [1m[36mNote Load (0.2ms)[0m  [1mSELECT  "notes".* FROM "notes" WHERE "notes"."id" = ? LIMIT 1[0m  [["id", 2]]
  Rendered notes/show.html.erb within layouts/application (1.3ms)
Completed 200 OK in 30ms (Views: 28.5ms | ActiveRecord: 0.1ms)


Started GET "/notes/new?instanceId=59b24cc411" for ::1 at 2016-07-15 14:40:50 +0900
Processing by NotesController#new as HTML
  Parameters: {"instanceId"=>"59b24cc411"}
  [1m[35mUser Load (0.1ms)[0m  SELECT "users".* FROM "users"
  Rendered notes/_form.html.erb (1.5ms)
  Rendered notes/new.html.erb within layouts/application (2.7ms)
Completed 200 OK in 21ms (Views: 20.5ms | ActiveRecord: 0.1ms)


Started POST "/notes?instanceId=59b24cc411" for ::1 at 2016-07-15 14:40:57 +0900
Processing by NotesController#create as HTML
  Parameters: {"utf8"=>"âœ“", "authenticity_token"=>"dIi3H0KYavxwKazy91F9YTTglx3FrIz7EAVAZmQzXULBWKcm5+QbDKGHbA54aXgBj5OWOsEqmPIOHZcvhyXxrg==", "note"=>{"user_id"=>"1", "title"=>"jsfaksfjaklfl", "content"=>"sdajbdajkbdakbdk"}, "commit"=>"ä¿å­˜", "instanceId"=>"59b24cc411"}
  [1m[36m (0.1ms)[0m  [1mbegin transaction[0m
  [1m[35mSQL (0.2ms)[0m  INSERT INTO "notes" ("title", "content", "user_id", "created_at", "updated_at") VALUES (?, ?, ?, ?, ?)  [["title", "jsfaksfjaklfl"], ["content", "sdajbdajkbdakbdk"], ["user_id", 1], ["created_at", "2016-07-15 05:40:57.727234"], ["updated_at", "2016-07-15 05:40:57.727234"]]
  [1m[36m (1.5ms)[0m  [1mcommit transaction[0m
Redirected to http://localhost:3000/notes/3?instanceId=59b24cc411
Completed 302 Found in 5ms (ActiveRecord: 1.7ms)


Started GET "/notes/3?instanceId=59b24cc411" for ::1 at 2016-07-15 14:40:57 +0900
Processing by NotesController#show as HTML
  Parameters: {"instanceId"=>"59b24cc411", "id"=>"3"}
  [1m[35mNote Load (0.1ms)[0m  SELECT  "notes".* FROM "notes" WHERE "notes"."id" = ? LIMIT 1  [["id", 3]]
  Rendered notes/show.html.erb within layouts/application (0.6ms)
Completed 200 OK in 39ms (Views: 38.0ms | ActiveRecord: 0.1ms)


Started GET "/notes?instanceId=59b24cc411" for ::1 at 2016-07-15 14:40:59 +0900
Processing by NotesController#index as HTML
  Parameters: {"instanceId"=>"59b24cc411"}
  [1m[36mNote Load (0.1ms)[0m  [1mSELECT "notes".* FROM "notes"[0m
  [1m[35mUser Load (0.1ms)[0m  SELECT  "users".* FROM "users" WHERE "users"."id" = ? LIMIT 1  [["id", 2]]
  [1m[36mUser Load (0.1ms)[0m  [1mSELECT  "users".* FROM "users" WHERE "users"."id" = ? LIMIT 1[0m  [["id", 1]]
  Rendered notes/_note.html.erb (3.0ms)
  Rendered notes/index.html.erb within layouts/application (5.1ms)
Completed 200 OK in 23ms (Views: 22.7ms | ActiveRecord: 0.3ms)


Started GET "/notes/3?instanceId=59b24cc411" for ::1 at 2016-07-15 14:41:03 +0900
Processing by NotesController#show as HTML
  Parameters: {"instanceId"=>"59b24cc411", "id"=>"3"}
  [1m[35mNote Load (0.1ms)[0m  SELECT  "notes".* FROM "notes" WHERE "notes"."id" = ? LIMIT 1  [["id", 3]]
  Rendered notes/show.html.erb within layouts/application (0.4ms)
Completed 200 OK in 17ms (Views: 16.5ms | ActiveRecord: 0.1ms)


Started DELETE "/notes/3?instanceId=59b24cc411" for ::1 at 2016-07-15 14:41:06 +0900
Processing by NotesController#destroy as HTML
  Parameters: {"authenticity_token"=>"OMh9Codzd2O4nyJWbhpo2KssoWuwtbX+DWtJyaJYlTHdJAA9s325nt0LeNH90b8k2Z+s/W963/Lz5nbGy75U0g==", "instanceId"=>"59b24cc411", "id"=>"3"}
  [1m[36mNote Load (0.2ms)[0m  [1mSELECT  "notes".* FROM "notes" WHERE "notes"."id" = ? LIMIT 1[0m  [["id", 3]]
  [1m[35m (0.1ms)[0m  begin transaction
  [1m[36mSQL (0.6ms)[0m  [1mDELETE FROM "notes" WHERE "notes"."id" = ?[0m  [["id", 3]]
  [1m[35m (2.5ms)[0m  commit transaction
Redirected to http://localhost:3000/notes?instanceId=59b24cc411
Completed 302 Found in 8ms (ActiveRecord: 3.4ms)


Started GET "/notes?instanceId=59b24cc411" for ::1 at 2016-07-15 14:41:06 +0900
Processing by NotesController#index as HTML
  Parameters: {"instanceId"=>"59b24cc411"}
  [1m[36mNote Load (0.1ms)[0m  [1mSELECT "notes".* FROM "notes"[0m
  [1m[35mUser Load (0.1ms)[0m  SELECT  "users".* FROM "users" WHERE "users"."id" = ? LIMIT 1  [["id", 2]]
  Rendered notes/_note.html.erb (1.7ms)
  Rendered notes/index.html.erb within layouts/application (3.6ms)
Completed 200 OK in 33ms (Views: 31.8ms | ActiveRecord: 0.2ms)


Started GET "/notes/2?instanceId=59b24cc411" for ::1 at 2016-07-15 14:41:07 +0900
Processing by NotesController#show as HTML
  Parameters: {"instanceId"=>"59b24cc411", "id"=>"2"}
  [1m[36mNote Load (0.1ms)[0m  [1mSELECT  "notes".* FROM "notes" WHERE "notes"."id" = ? LIMIT 1[0m  [["id", 2]]
  Rendered notes/show.html.erb within layouts/application (0.4ms)
Completed 200 OK in 17ms (Views: 16.6ms | ActiveRecord: 0.1ms)


Started DELETE "/notes/2?instanceId=59b24cc411" for ::1 at 2016-07-15 14:41:09 +0900
Processing by NotesController#destroy as HTML
  Parameters: {"authenticity_token"=>"GvSthQO6Y86EnGUJ2LwbhNCd9zAiao/rfo3NynH3ohOZayrr28z6OrtDmSHffX84qeKJJOnNdlkTDpfZtBI0Rg==", "instanceId"=>"59b24cc411", "id"=>"2"}
  [1m[35mNote Load (0.1ms)[0m  SELECT  "notes".* FROM "notes" WHERE "notes"."id" = ? LIMIT 1  [["id", 2]]
  [1m[36m (0.1ms)[0m  [1mbegin transaction[0m
  [1m[35mSQL (0.3ms)[0m  DELETE FROM "notes" WHERE "notes"."id" = ?  [["id", 2]]
  [1m[36m (1.7ms)[0m  [1mcommit transaction[0m
Redirected to http://localhost:3000/notes?instanceId=59b24cc411
Completed 302 Found in 5ms (ActiveRecord: 2.2ms)


Started GET "/notes?instanceId=59b24cc411" for ::1 at 2016-07-15 14:41:09 +0900
Processing by NotesController#index as HTML
  Parameters: {"instanceId"=>"59b24cc411"}
  [1m[35mNote Load (0.2ms)[0m  SELECT "notes".* FROM "notes"
  Rendered collection (0.0ms)
  Rendered notes/index.html.erb within layouts/application (0.8ms)
Completed 200 OK in 31ms (Views: 30.3ms | ActiveRecord: 0.2ms)


Started GET "/?instanceId=59b24cc411" for ::1 at 2016-07-15 14:50:43 +0900
  [1m[36mActiveRecord::SchemaMigration Load (0.1ms)[0m  [1mSELECT "schema_migrations".* FROM "schema_migrations"[0m
Processing by HomeController#top as HTML
  Parameters: {"instanceId"=>"59b24cc411"}
  Rendered home/top.html.erb within layouts/application (0.9ms)
Completed 200 OK in 197ms (Views: 189.4ms | ActiveRecord: 0.0ms)


Started GET "/users?instanceId=59b24cc411" for ::1 at 2016-07-15 14:50:45 +0900
Processing by UsersController#index as HTML
  Parameters: {"instanceId"=>"59b24cc411"}
  [1m[35mUser Load (0.1ms)[0m  SELECT "users".* FROM "users"
  Rendered users/index.html.erb within layouts/application (6.5ms)
Completed 200 OK in 39ms (Views: 34.2ms | ActiveRecord: 0.4ms)


Started GET "/notes?instanceId=59b24cc411" for ::1 at 2016-07-15 14:50:47 +0900
Processing by NotesController#index as HTML
  Parameters: {"instanceId"=>"59b24cc411"}
  [1m[36mNote Load (0.1ms)[0m  [1mSELECT "notes".* FROM "notes"[0m
  Rendered collection (0.0ms)
  Rendered notes/index.html.erb within layouts/application (11.4ms)
Completed 200 OK in 54ms (Views: 48.3ms | ActiveRecord: 0.2ms)


Started GET "/?instanceId=59b24cc411" for ::1 at 2016-07-15 14:50:49 +0900
Processing by HomeController#top as HTML
  Parameters: {"instanceId"=>"59b24cc411"}
  Rendered home/top.html.erb within layouts/application (0.0ms)
Completed 200 OK in 45ms (Views: 45.0ms | ActiveRecord: 0.0ms)


Started GET "/about?instanceId=59b24cc411" for ::1 at 2016-07-15 14:50:50 +0900
Processing by HomeController#about as HTML
  Parameters: {"instanceId"=>"59b24cc411"}
  Rendered home/about.html.erb within layouts/application (0.3ms)
Completed 200 OK in 31ms (Views: 30.8ms | ActiveRecord: 0.0ms)


Started GET "/notes/new?instanceId=59b24cc411" for ::1 at 2016-07-15 14:50:52 +0900
Processing by NotesController#new as HTML
  Parameters: {"instanceId"=>"59b24cc411"}
  [1m[35mUser Load (0.1ms)[0m  SELECT "users".* FROM "users"
  Rendered notes/_form.html.erb (19.8ms)
  Rendered notes/new.html.erb within layouts/application (21.9ms)
Completed 200 OK in 46ms (Views: 42.0ms | ActiveRecord: 0.3ms)


Started GET "/notes/new?instanceId=59b24cc411" for ::1 at 2016-07-15 14:50:53 +0900
Processing by NotesController#new as HTML
  Parameters: {"instanceId"=>"59b24cc411"}
  [1m[36mUser Load (0.1ms)[0m  [1mSELECT "users".* FROM "users"[0m
  Rendered notes/_form.html.erb (1.4ms)
  Rendered notes/new.html.erb within layouts/application (2.9ms)
Completed 200 OK in 19ms (Views: 18.8ms | ActiveRecord: 0.1ms)


Started GET "/notes?instanceId=59b24cc411" for ::1 at 2016-07-15 14:50:54 +0900
Processing by NotesController#index as HTML
  Parameters: {"instanceId"=>"59b24cc411"}
  [1m[35mNote Load (0.1ms)[0m  SELECT "notes".* FROM "notes"
  Rendered collection (0.0ms)
  Rendered notes/index.html.erb within layouts/application (0.6ms)
Completed 200 OK in 16ms (Views: 15.4ms | ActiveRecord: 0.1ms)


Started GET "/notes/new?instanceId=59b24cc411" for ::1 at 2016-07-15 14:50:55 +0900
Processing by NotesController#new as HTML
  Parameters: {"instanceId"=>"59b24cc411"}
  [1m[36mUser Load (0.1ms)[0m  [1mSELECT "users".* FROM "users"[0m
  Rendered notes/_form.html.erb (1.4ms)
  Rendered notes/new.html.erb within layouts/application (2.7ms)
Completed 200 OK in 20ms (Views: 19.9ms | ActiveRecord: 0.1ms)


Started GET "/notes?instanceId=59b24cc411" for ::1 at 2016-07-15 14:50:56 +0900
Processing by NotesController#index as HTML
  Parameters: {"instanceId"=>"59b24cc411"}
  [1m[35mNote Load (0.1ms)[0m  SELECT "notes".* FROM "notes"
  Rendered collection (0.0ms)
  Rendered notes/index.html.erb within layouts/application (0.5ms)
Completed 200 OK in 17ms (Views: 16.6ms | ActiveRecord: 0.1ms)


Started GET "/users?instanceId=59b24cc411" for ::1 at 2016-07-15 14:50:57 +0900
Processing by UsersController#index as HTML
  Parameters: {"instanceId"=>"59b24cc411"}
  [1m[36mUser Load (0.1ms)[0m  [1mSELECT "users".* FROM "users"[0m
  Rendered users/index.html.erb within layouts/application (1.9ms)
Completed 200 OK in 20ms (Views: 19.8ms | ActiveRecord: 0.1ms)
